<?xml version="1.0" encoding="UTF-8"?>
<!-- Generated by org.testng.reporters.JUnitXMLReporter -->
<testsuite hostname="AmitAgarwal" name="Test" tests="6" failures="2" timestamp="14 Jun 2016 13:54:34 GMT" time="20.193" errors="0">
  <testcase name="GivenTwoUniqueRandomStringsWhenComparedShouldFailedTheTest" time="0.099" classname="metacube.testng.utiltest.utilitiesTest">
    <failure type="java.lang.AssertionError" message="expected [Metacube1dfbd79c-517e-497a-aa12-85397693ed82] but found [Metacube0b878a2e-c84a-466b-aefe-8d962288e030]">
      <![CDATA[java.lang.AssertionError: expected [Metacube1dfbd79c-517e-497a-aa12-85397693ed82] but found [Metacube0b878a2e-c84a-466b-aefe-8d962288e030]
	at metacube.testng.utiltest.utilitiesTest.GivenTwoUniqueRandomStringsWhenComparedShouldFailedTheTest(utilitiesTest.java:18)
	at java.util.concurrent.ThreadPoolExecutor.runWorker(Unknown Source)
	at java.util.concurrent.ThreadPoolExecutor$Worker.run(Unknown Source)
	at java.lang.Thread.run(Unknown Source)
... Removed 16 stack frames]]>
    </failure>
  </testcase> <!-- GivenTwoUniqueRandomStringsWhenComparedShouldFailedTheTest -->
  <testcase name="ReadExcelCell" time="0.19" classname="metacube.testng.spreadsheets.ExcelSheetTests"/>
  <testcase name="ReadExcelSheet" time="0.026" classname="metacube.testng.spreadsheets.ExcelSheetTests"/>
  <testcase name="ReadGoogleSheet" time="1.19" classname="metacube.testng.spreadsheets.GoogleSheetTest"/>
  <testcase name="LaunchGoogleSearchUI" time="0.573" classname="metacube.testng.webtest.GoogleSearch">
    <failure type="java.lang.AssertionError" message="expected [B] but found [Google]">
      <![CDATA[java.lang.AssertionError: expected [B] but found [Google]
	at metacube.Asserts.MAssert.assertAreEqual(MAssert.java:9)
	at metacube.testng.webtest.GoogleSearch.LaunchGoogleSearchUI(GoogleSearch.java:28)
	at java.util.concurrent.ThreadPoolExecutor.runWorker(Unknown Source)
	at java.util.concurrent.ThreadPoolExecutor$Worker.run(Unknown Source)
	at java.lang.Thread.run(Unknown Source)
... Removed 15 stack frames]]>
    </failure>
  </testcase> <!-- LaunchGoogleSearchUI -->
  <testcase name="VerifyTitleOfApplication" time="0.03" classname="metacube.testng.webtest.myfirstwebdrivertest"/>
</testsuite> <!-- Test -->
